This file contains any messages produced by compilers while
running configure, to aid debugging if configure makes a mistake.

It was created by wmbusmeters configure wmbusmeters, which was
generated by GNU Autoconf 2.69.  Invocation command line was

  $ ./configure 

## --------- ##
## Platform. ##
## --------- ##

hostname = raspberrypi
uname -m = armv7l
uname -r = 5.4.51-v7+
uname -s = Linux
uname -v = #1333 SMP Mon Aug 10 16:45:19 BST 2020

/usr/bin/uname -p = unknown
/bin/uname -X     = unknown

/bin/arch              = unknown
/usr/bin/arch -k       = unknown
/usr/convex/getsysinfo = unknown
/usr/bin/hostinfo      = unknown
/bin/machine           = unknown
/usr/bin/oslevel       = unknown
/bin/universe          = unknown

PATH: /usr/local/sbin
PATH: /usr/local/bin
PATH: /usr/sbin
PATH: /usr/bin
PATH: /sbin
PATH: /bin
PATH: /usr/local/games
PATH: /usr/games


## ----------- ##
## Core tests. ##
## ----------- ##

configure:1831: checking build system type
configure:1845: result: armv7l-unknown-linux-gnueabihf
configure:1865: checking host system type
configure:1878: result: armv7l-unknown-linux-gnueabihf
configure:1977: checking for g++
configure:1993: found /usr/bin/g++
configure:2004: result: g++
configure:2031: checking for C++ compiler version
configure:2040: g++ --version >&5
g++ (Raspbian 8.3.0-6+rpi1) 8.3.0
Copyright (C) 2018 Free Software Foundation, Inc.
This is free software; see the source for copying conditions.  There is NO
warranty; not even for MERCHANTABILITY or FITNESS FOR A PARTICULAR PURPOSE.

configure:2051: $? = 0
configure:2040: g++ -v >&5
Using built-in specs.
COLLECT_GCC=g++
COLLECT_LTO_WRAPPER=/usr/lib/gcc/arm-linux-gnueabihf/8/lto-wrapper
Target: arm-linux-gnueabihf
Configured with: ../src/configure -v --with-pkgversion='Raspbian 8.3.0-6+rpi1' --with-bugurl=file:///usr/share/doc/gcc-8/README.Bugs --enable-languages=c,ada,c++,go,d,fortran,objc,obj-c++ --prefix=/usr --with-gcc-major-version-only --program-suffix=-8 --program-prefix=arm-linux-gnueabihf- --enable-shared --enable-linker-build-id --libexecdir=/usr/lib --without-included-gettext --enable-threads=posix --libdir=/usr/lib --enable-nls --enable-bootstrap --enable-clocale=gnu --enable-libstdcxx-debug --enable-libstdcxx-time=yes --with-default-libstdcxx-abi=new --enable-gnu-unique-object --disable-libitm --disable-libquadmath --disable-libquadmath-support --enable-plugin --with-system-zlib --with-target-system-zlib --enable-objc-gc=auto --enable-multiarch --disable-sjlj-exceptions --with-arch=armv6 --with-fpu=vfp --with-float=hard --disable-werror --enable-checking=release --build=arm-linux-gnueabihf --host=arm-linux-gnueabihf --target=arm-linux-gnueabihf
Thread model: posix
gcc version 8.3.0 (Raspbian 8.3.0-6+rpi1) 
configure:2051: $? = 0
configure:2040: g++ -V >&5
g++: error: unrecognized command line option '-V'
g++: fatal error: no input files
compilation terminated.
configure:2051: $? = 1
configure:2040: g++ -qversion >&5
g++: error: unrecognized command line option '-qversion'; did you mean '--version'?
g++: fatal error: no input files
compilation terminated.
configure:2051: $? = 1
configure:2071: checking whether the C++ compiler works
configure:2093: g++    conftest.cpp  >&5
configure:2097: $? = 0
configure:2145: result: yes
configure:2148: checking for C++ compiler default output file name
configure:2150: result: a.out
configure:2156: checking for suffix of executables
configure:2163: g++ -o conftest    conftest.cpp  >&5
configure:2167: $? = 0
configure:2189: result: 
configure:2211: checking whether we are cross compiling
configure:2219: g++ -o conftest    conftest.cpp  >&5
configure:2223: $? = 0
configure:2230: ./conftest
configure:2234: $? = 0
configure:2222: result: no
configure:2227: checking for suffix of object files
configure:2249: g++ -c   conftest.cpp >&5
configure:2253: $? = 0
configure:2274: result: o
configure:2278: checking whether we are using the GNU C++ compiler
configure:2297: g++ -c   conftest.cpp >&5
configure:2297: $? = 0
configure:2306: result: yes
configure:2315: checking whether g++ accepts -g
configure:2335: g++ -c -g  conftest.cpp >&5
configure:2335: $? = 0
configure:2376: result: yes
configure:2400: checking for rtlsdr_get_device_count in -lrtlsdr
configure:2425: g++ -o conftest -g -O2   conftest.cpp -lrtlsdr   >&5
configure:2425: $? = 0
configure:2434: result: yes
configure:2600: creating /home/pi/wmbusmeters/build/armv7l-unknown-linux-gnueabihf/config.status

## ---------------------- ##
## Running config.status. ##
## ---------------------- ##

This file was extended by wmbusmeters config.status wmbusmeters, which was
generated by GNU Autoconf 2.69.  Invocation command line was

  CONFIG_FILES    = 
  CONFIG_HEADERS  = 
  CONFIG_LINKS    = 
  CONFIG_COMMANDS = 
  $ /home/pi/wmbusmeters/build/armv7l-unknown-linux-gnueabihf/config.status 

on raspberrypi

config.status:726: creating /home/pi/wmbusmeters/build/armv7l-unknown-linux-gnueabihf/spec.gmk
config.status:726: creating /home/pi/wmbusmeters/build/armv7l-unknown-linux-gnueabihf/Makefile

## ---------------- ##
## Cache variables. ##
## ---------------- ##

ac_cv_build=armv7l-unknown-linux-gnueabihf
ac_cv_cxx_compiler_gnu=yes
ac_cv_env_CCC_set=
ac_cv_env_CCC_value=
ac_cv_env_CPPFLAGS_set=
ac_cv_env_CPPFLAGS_value=
ac_cv_env_CXXFLAGS_set=
ac_cv_env_CXXFLAGS_value=
ac_cv_env_CXX_set=
ac_cv_env_CXX_value=
ac_cv_env_LDFLAGS_set=
ac_cv_env_LDFLAGS_value=
ac_cv_env_LIBS_set=
ac_cv_env_LIBS_value=
ac_cv_env_build_alias_set=
ac_cv_env_build_alias_value=
ac_cv_env_host_alias_set=
ac_cv_env_host_alias_value=
ac_cv_env_target_alias_set=
ac_cv_env_target_alias_value=
ac_cv_host=armv7l-unknown-linux-gnueabihf
ac_cv_lib_rtlsdr_rtlsdr_get_device_count=yes
ac_cv_objext=o
ac_cv_prog_ac_ct_CXX=g++
ac_cv_prog_cxx_g=yes

## ----------------- ##
## Output variables. ##
## ----------------- ##

CPPFLAGS=''
CXX='g++'
CXXFLAGS='-g -O2'
DEFS='-DPACKAGE_NAME=\"wmbusmeters\" -DPACKAGE_TARNAME=\"wmbusmeters\" -DPACKAGE_VERSION=\"wmbusmeters\" -DPACKAGE_STRING=\"wmbusmeters\ wmbusmeters\" -DPACKAGE_BUGREPORT=\"oehrstroem@gmail.com\" -DPACKAGE_URL=\"https://github.com/weetmuts/wmbusmeters\" -DHAVE_LIBRTLSDR=1'
ECHO_C=''
ECHO_N='-n'
ECHO_T=''
EXEEXT=''
LDFLAGS=''
LIBOBJS=''
LIBS='-lrtlsdr '
LTLIBOBJS=''
OBJEXT='o'
PACKAGE_BUGREPORT='oehrstroem@gmail.com'
PACKAGE_NAME='wmbusmeters'
PACKAGE_STRING='wmbusmeters wmbusmeters'
PACKAGE_TARNAME='wmbusmeters'
PACKAGE_URL='https://github.com/weetmuts/wmbusmeters'
PACKAGE_VERSION='wmbusmeters'
PATH_SEPARATOR=':'
SHELL='/bin/bash'
ac_ct_CXX='g++'
bindir='${exec_prefix}/bin'
build='armv7l-unknown-linux-gnueabihf'
build_alias=''
build_cpu='armv7l'
build_os='linux-gnueabihf'
build_vendor='unknown'
datadir='${datarootdir}'
datarootdir='${prefix}/share'
docdir='${datarootdir}/doc/${PACKAGE_TARNAME}'
dvidir='${docdir}'
exec_prefix='${prefix}'
host='armv7l-unknown-linux-gnueabihf'
host_alias=''
host_cpu='armv7l'
host_os='linux-gnueabihf'
host_vendor='unknown'
htmldir='${docdir}'
includedir='${prefix}/include'
infodir='${datarootdir}/info'
libdir='${exec_prefix}/lib'
libexecdir='${exec_prefix}/libexec'
localedir='${datarootdir}/locale'
localstatedir='${prefix}/var'
mandir='${datarootdir}/man'
oldincludedir='/usr/include'
pdfdir='${docdir}'
prefix='/usr/local'
program_transform_name='s,x,x,'
psdir='${docdir}'
runstatedir='${localstatedir}/run'
sbindir='${exec_prefix}/sbin'
sharedstatedir='${prefix}/com'
sysconfdir='${prefix}/etc'
target_alias=''

## ----------- ##
## confdefs.h. ##
## ----------- ##

/* confdefs.h */
#define PACKAGE_NAME "wmbusmeters"
#define PACKAGE_TARNAME "wmbusmeters"
#define PACKAGE_VERSION "wmbusmeters"
#define PACKAGE_STRING "wmbusmeters wmbusmeters"
#define PACKAGE_BUGREPORT "oehrstroem@gmail.com"
#define PACKAGE_URL "https://github.com/weetmuts/wmbusmeters"
#define HAVE_LIBRTLSDR 1

configure: exit 0
